[    0.000000] Initializing cgroup subsys cpuset
[    0.000000] Initializing cgroup subsys cpu
[    0.000000] Initializing cgroup subsys cpuacct
[    0.000000] Linux version 4.4.0-173-generic (buildd@lgw01-amd64-037) (gcc version 5.4.0 20160609 (Ubuntu 5.4.0-6ubuntu1~16.04.12) ) #203-Ubuntu SMP Wed Jan 15 02:55:01 UTC 2020 (Ubuntu 4.4.0-173.203-generic 4.4.208)
[    0.000000] Command line: BOOT_IMAGE=/boot/vmlinuz-4.4.0-173-generic root=LABEL=cloudimg-rootfs ro console=tty1 console=ttyS0
[    0.000000] KERNEL supported cpus:
[    0.000000]   Intel GenuineIntel
[    0.000000]   AMD AuthenticAMD
[    0.000000]   Centaur CentaurHauls
[    0.000000] x86/fpu: xstate_offset[2]:  576, xstate_sizes[2]:  256
[    0.000000] x86/fpu: Supporting XSAVE feature 0x01: 'x87 floating point registers'
[    0.000000] x86/fpu: Supporting XSAVE feature 0x02: 'SSE registers'
[    0.000000] x86/fpu: Supporting XSAVE feature 0x04: 'AVX registers'
[    0.000000] x86/fpu: Enabled xstate features 0x7, context size is 832 bytes, using 'standard' format.
[    0.000000] e820: BIOS-provided physical RAM map:
[    0.000000] BIOS-e820: [mem 0x0000000000000000-0x000000000009fbff] usable
[    0.000000] BIOS-e820: [mem 0x000000000009fc00-0x000000000009ffff] reserved
[    0.000000] BIOS-e820: [mem 0x00000000000f0000-0x00000000000fffff] reserved
[    0.000000] BIOS-e820: [mem 0x0000000000100000-0x000000003ffeffff] usable
[    0.000000] BIOS-e820: [mem 0x000000003fff0000-0x000000003fffffff] ACPI data
[    0.000000] BIOS-e820: [mem 0x00000000fec00000-0x00000000fec00fff] reserved
[    0.000000] BIOS-e820: [mem 0x00000000fee00000-0x00000000fee00fff] reserved
[    0.000000] BIOS-e820: [mem 0x00000000fffc0000-0x00000000ffffffff] reserved
[    0.000000] NX (Execute Disable) protection: active
[    0.000000] SMBIOS 2.5 present.
[    0.000000] Hypervisor detected: KVM
[    0.000000] e820: last_pfn = 0x3fff0 max_arch_pfn = 0x400000000
[    0.000000] MTRR: Disabled
[    0.000000] x86/PAT: MTRRs disabled, skipping PAT initialization too.
[    0.000000] CPU MTRRs all blank - virtualized system.
[    0.000000] x86/PAT: Configuration [0-7]: WB  WT  UC- UC  WB  WT  UC- UC  
[    0.000000] found SMP MP-table at [mem 0x0009fff0-0x0009ffff] mapped at [ffff88000009fff0]
[    0.000000] Scanning 1 areas for low memory corruption
[    0.000000] RAMDISK: [mem 0x362e4000-0x37169fff]
[    0.000000] ACPI: Early table checksum verification disabled
[    0.000000] ACPI: RSDP 0x00000000000E0000 000024 (v02 VBOX  )
[    0.000000] ACPI: XSDT 0x000000003FFF0030 00003C (v01 VBOX   VBOXXSDT 00000001 ASL  00000061)
[    0.000000] ACPI: FACP 0x000000003FFF00F0 0000F4 (v04 VBOX   VBOXFACP 00000001 ASL  00000061)
[    0.000000] ACPI: DSDT 0x000000003FFF0470 002325 (v02 VBOX   VBOXBIOS 00000002 INTL 20100528)
[    0.000000] ACPI: FACS 0x000000003FFF0200 000040
[    0.000000] ACPI: FACS 0x000000003FFF0200 000040
[    0.000000] ACPI: APIC 0x000000003FFF0240 00005C (v02 VBOX   VBOXAPIC 00000001 ASL  00000061)
[    0.000000] ACPI: SSDT 0x000000003FFF02A0 0001CC (v01 VBOX   VBOXCPUT 00000002 INTL 20100528)
[    0.000000] No NUMA configuration found
[    0.000000] Faking a node at [mem 0x0000000000000000-0x000000003ffeffff]
[    0.000000] NODE_DATA(0) allocated [mem 0x3ffeb000-0x3ffeffff]
[    0.000000] kvm-clock: Using msrs 4b564d01 and 4b564d00
[    0.000000] kvm-clock: cpu 0, msr 0:3ffe3001, primary cpu clock
[    0.000000] kvm-clock: using sched offset of 4986687899 cycles
[    0.000000] clocksource: kvm-clock: mask: 0xffffffffffffffff max_cycles: 0x1cd42e4dffb, max_idle_ns: 881590591483 ns
[    0.000000] Zone ranges:
[    0.000000]   DMA      [mem 0x0000000000001000-0x0000000000ffffff]
[    0.000000]   DMA32    [mem 0x0000000001000000-0x000000003ffeffff]
[    0.000000]   Normal   empty
[    0.000000]   Device   empty
[    0.000000] Movable zone start for each node
[    0.000000] Early memory node ranges
[    0.000000]   node   0: [mem 0x0000000000001000-0x000000000009efff]
[    0.000000]   node   0: [mem 0x0000000000100000-0x000000003ffeffff]
[    0.000000] Initmem setup node 0 [mem 0x0000000000001000-0x000000003ffeffff]
[    0.000000] ACPI: PM-Timer IO Port: 0x4008
[    0.000000] IOAPIC[0]: apic_id 2, version 32, address 0xfec00000, GSI 0-23
[    0.000000] ACPI: INT_SRC_OVR (bus 0 bus_irq 0 global_irq 2 dfl dfl)
[    0.000000] ACPI: INT_SRC_OVR (bus 0 bus_irq 9 global_irq 9 low level)
[    0.000000] Using ACPI (MADT) for SMP configuration information
[    0.000000] smpboot: Allowing 2 CPUs, 0 hotplug CPUs
[    0.000000] PM: Registered nosave memory: [mem 0x00000000-0x00000fff]
[    0.000000] PM: Registered nosave memory: [mem 0x0009f000-0x0009ffff]
[    0.000000] PM: Registered nosave memory: [mem 0x000a0000-0x000effff]
[    0.000000] PM: Registered nosave memory: [mem 0x000f0000-0x000fffff]
[    0.000000] e820: [mem 0x40000000-0xfebfffff] available for PCI devices
[    0.000000] Booting paravirtualized kernel on KVM
[    0.000000] clocksource: refined-jiffies: mask: 0xffffffff max_cycles: 0xffffffff, max_idle_ns: 7645519600211568 ns
[    0.000000] setup_percpu: NR_CPUS:512 nr_cpumask_bits:512 nr_cpu_ids:2 nr_node_ids:1
[    0.000000] PERCPU: Embedded 33 pages/cpu @ffff88003fc00000 s95448 r8192 d31528 u1048576
[    0.000000] Built 1 zonelists in Node order, mobility grouping on.  Total pages: 257912
[    0.000000] Policy zone: DMA32
[    0.000000] Kernel command line: BOOT_IMAGE=/boot/vmlinuz-4.4.0-173-generic root=LABEL=cloudimg-rootfs ro console=tty1 console=ttyS0
[    0.000000] PID hash table entries: 4096 (order: 3, 32768 bytes)
[    0.000000] Memory: 997680K/1048120K available (8626K kernel code, 1336K rwdata, 4032K rodata, 1488K init, 1292K bss, 50440K reserved, 0K cma-reserved)
[    0.000000] SLUB: HWalign=64, Order=0-3, MinObjects=0, CPUs=2, Nodes=1
[    0.000000] Kernel/User page tables isolation: enabled
[    0.000000] Hierarchical RCU implementation.
[    0.000000] 	Build-time adjustment of leaf fanout to 64.
[    0.000000] 	RCU restricting CPUs from NR_CPUS=512 to nr_cpu_ids=2.
[    0.000000] RCU: Adjusting geometry for rcu_fanout_leaf=64, nr_cpu_ids=2
[    0.000000] NR_IRQS:33024 nr_irqs:440 16
[    0.000000] Console: colour VGA+ 80x25
[    0.000000] console [tty1] enabled
[    0.000000] console [ttyS0] enabled
[    0.000000] tsc: Detected 2593.998 MHz processor
[    0.443923] Calibrating delay loop (skipped) preset value.. 5187.99 BogoMIPS (lpj=10375992)
[    0.448215] pid_max: default: 32768 minimum: 301
[    0.450461] ACPI: Core revision 20150930
[    0.457487] ACPI: 2 ACPI AML tables successfully acquired and loaded
[    0.460666] Security Framework initialized
[    0.462794] Yama: becoming mindful.
[    0.464724] AppArmor: AppArmor initialized
[    0.467104] Dentry cache hash table entries: 131072 (order: 8, 1048576 bytes)
[    0.490493] Inode-cache hash table entries: 65536 (order: 7, 524288 bytes)
[    0.494111] Mount-cache hash table entries: 2048 (order: 2, 16384 bytes)
[    0.497131] Mountpoint-cache hash table entries: 2048 (order: 2, 16384 bytes)
[    0.500789] Initializing cgroup subsys io
[    0.502949] Initializing cgroup subsys memory
[    0.505199] Initializing cgroup subsys devices
[    0.507516] Initializing cgroup subsys freezer
[    0.509742] Initializing cgroup subsys net_cls
[    0.512050] Initializing cgroup subsys perf_event
[    0.514437] Initializing cgroup subsys net_prio
[    0.516756] Initializing cgroup subsys hugetlb
[    0.519063] Initializing cgroup subsys pids
[    0.522399] mce: CPU supports 0 MCE banks
[    0.524559] Last level iTLB entries: 4KB 64, 2MB 8, 4MB 8
[    0.527156] Last level dTLB entries: 4KB 64, 2MB 0, 4MB 0, 1GB 4
[    0.529963] Spectre V1 : Mitigation: usercopy/swapgs barriers and __user pointer sanitization
[    0.534253] Spectre V2 : Mitigation: Full generic retpoline
[    0.536889] Spectre V2 : Spectre v2 / SpectreRSB mitigation: Filling RSB on context switch
[    0.541110] Speculative Store Bypass: Vulnerable
[    0.543653] MDS: Vulnerable: Clear CPU buffers attempted, no microcode
[    0.553467] Freeing SMP alternatives memory: 36K
[    0.570421] ftrace: allocating 32304 entries in 127 pages
[    0.738245] smpboot: APIC(0) Converting physical 0 to logical package 0
[    0.742146] smpboot: Max logical packages: 1
[    0.745842] x2apic enabled
[    0.748745] Switched APIC routing to physical x2apic.
[    0.755845] ..TIMER: vector=0x30 apic1=0 pin1=2 apic2=-1 pin2=-1
[    0.867749] smpboot: CPU0: Intel(R) Core(TM) i7-5600U CPU @ 2.60GHz (family: 0x6, model: 0x3d, stepping: 0x4)
[    0.873086] Performance Events: unsupported p6 CPU model 61 no PMU driver, software events only.
[    0.897094] KVM setup paravirtual spinlock
[    0.900425] x86: Booting SMP configuration:
[    0.902691] .... node  #0, CPUs:      #1
[    0.905189] kvm-clock: cpu 1, msr 0:3ffe3041, secondary cpu clock
[    0.908293] mce: CPU supports 0 MCE banks
[    0.911598] x86: Booted up 1 node, 2 CPUs
[    0.914399] smpboot: Total of 2 processors activated (10375.99 BogoMIPS)
[    0.918354] devtmpfs: initialized
[    0.935895] evm: security.selinux
[    0.937835] evm: security.SMACK64
[    0.939696] evm: security.SMACK64EXEC
[    0.941713] evm: security.SMACK64TRANSMUTE
[    0.943862] evm: security.SMACK64MMAP
[    0.945904] evm: security.ima
[    0.947732] evm: security.capability
[    0.950138] clocksource: jiffies: mask: 0xffffffff max_cycles: 0xffffffff, max_idle_ns: 7645041785100000 ns
[    0.954928] futex hash table entries: 512 (order: 3, 32768 bytes)
[    0.958008] pinctrl core: initialized pinctrl subsystem
[    0.960768] RTC time:  8:43:51, date: 03/17/20
[    0.963432] NET: Registered protocol family 16
[    0.975187] cpuidle: using governor ladder
[    0.988405] cpuidle: using governor menu
[    0.990574] PCCT header not found.
[    0.992749] ACPI: bus type PCI registered
[    0.994866] acpiphp: ACPI Hot Plug PCI Controller Driver version: 0.5
[    0.998160] PCI: Using configuration type 1 for base access
[    1.017060] ACPI: Added _OSI(Module Device)
[    1.019358] ACPI: Added _OSI(Processor Device)
[    1.021601] ACPI: Added _OSI(3.0 _SCP Extensions)
[    1.023890] ACPI: Added _OSI(Processor Aggregator Device)
[    1.028427] ACPI: Executed 1 blocks of module-level executable AML code
[    1.038982] ACPI: Interpreter enabled
[    1.041051] ACPI: (supports S0 S5)
[    1.042977] ACPI: Using IOAPIC for interrupt routing
[    1.046049] PCI: Using host bridge windows from ACPI; if necessary, use "pci=nocrs" and report a bug
[    1.062238] ACPI: PCI Root Bridge [PCI0] (domain 0000 [bus 00-ff])
[    1.065161] acpi PNP0A03:00: _OSC: OS supports [ASPM ClockPM Segments MSI]
[    1.069409] acpi PNP0A03:00: _OSC: not requesting OS control; OS requires [ExtendedConfig ASPM ClockPM MSI]
[    1.074248] acpi PNP0A03:00: fail to add MMCONFIG information, can't access extended PCI configuration space under this bridge.
[    1.080423] PCI host bridge to bus 0000:00
[    1.082554] pci_bus 0000:00: root bus resource [io  0x0000-0x0cf7 window]
[    1.085703] pci_bus 0000:00: root bus resource [io  0x0d00-0xffff window]
[    1.088819] pci_bus 0000:00: root bus resource [mem 0x000a0000-0x000bffff window]
[    1.092669] pci_bus 0000:00: root bus resource [mem 0x40000000-0xfdffffff window]
[    1.096593] pci_bus 0000:00: root bus resource [bus 00-ff]
[    1.102869] pci 0000:00:01.1: legacy IDE quirk: reg 0x10: [io  0x01f0-0x01f7]
[    1.105977] pci 0000:00:01.1: legacy IDE quirk: reg 0x14: [io  0x03f6]
[    1.109097] pci 0000:00:01.1: legacy IDE quirk: reg 0x18: [io  0x0170-0x0177]
[    1.112336] pci 0000:00:01.1: legacy IDE quirk: reg 0x1c: [io  0x0376]
[    1.168375] pci 0000:00:07.0: quirk: [io  0x4000-0x403f] claimed by PIIX4 ACPI
[    1.172499] pci 0000:00:07.0: quirk: [io  0x4100-0x410f] claimed by PIIX4 SMB
[    1.184198] ACPI: PCI Interrupt Link [LNKA] (IRQs 5 9 10 *11)
[    1.188555] ACPI: PCI Interrupt Link [LNKB] (IRQs 5 9 *10 11)
[    1.192443] ACPI: PCI Interrupt Link [LNKC] (IRQs 5 *9 10 11)
[    1.196307] ACPI: PCI Interrupt Link [LNKD] (IRQs 5 9 10 *11)
[    1.200262] ACPI: Enabled 2 GPEs in block 00 to 07
[    1.203294] vgaarb: setting as boot device: PCI:0000:00:02.0
[    1.205889] vgaarb: device added: PCI:0000:00:02.0,decodes=io+mem,owns=io+mem,locks=none
[    1.210128] vgaarb: loaded
[    1.211909] vgaarb: bridge control possible 0000:00:02.0
[    1.214990] SCSI subsystem initialized
[    1.217190] ACPI: bus type USB registered
[    1.219433] usbcore: registered new interface driver usbfs
[    1.222107] usbcore: registered new interface driver hub
[    1.224817] usbcore: registered new device driver usb
[    1.227742] PCI: Using ACPI for IRQ routing
[    1.249002] NetLabel: Initializing
[    1.251036] NetLabel:  domain hash size = 128
[    1.253290] NetLabel:  protocols = UNLABELED CIPSOv4
[    1.255841] NetLabel:  unlabeled traffic allowed by default
[    1.258745] amd_nb: Cannot enumerate AMD northbridges
[    1.261263] clocksource: Switched to clocksource kvm-clock
[    1.318504] AppArmor: AppArmor Filesystem Enabled
[    1.321041] pnp: PnP ACPI init
[    1.324898] pnp: PnP ACPI: found 3 devices
[    1.339798] clocksource: acpi_pm: mask: 0xffffff max_cycles: 0xffffff, max_idle_ns: 2085701024 ns
[    1.344226] NET: Registered protocol family 2
[    1.346741] TCP established hash table entries: 8192 (order: 4, 65536 bytes)
[    1.349912] TCP bind hash table entries: 8192 (order: 5, 131072 bytes)
[    1.352974] TCP: Hash tables configured (established 8192 bind 8192)
[    1.355829] UDP hash table entries: 512 (order: 2, 16384 bytes)
[    1.358606] UDP-Lite hash table entries: 512 (order: 2, 16384 bytes)
[    1.361530] NET: Registered protocol family 1
[    1.363806] pci 0000:00:00.0: Limiting direct PCI/PCI transfers
[    1.366648] pci 0000:00:01.0: Activating ISA DMA hang workarounds
[    1.369750] Unpacking initramfs...
[    2.270527] Freeing initrd memory: 14872K
[    2.272975] RAPL PMU detected, API unit is 2^-32 Joules, 4 fixed counters 10737418240 ms ovfl timer
[    2.277561] hw unit of domain pp0-core 2^-0 Joules
[    2.279883] hw unit of domain package 2^-0 Joules
[    2.282242] hw unit of domain dram 2^-0 Joules
[    2.284600] hw unit of domain pp1-gpu 2^-0 Joules
[    2.287068] clocksource: tsc: mask: 0xffffffffffffffff max_cycles: 0x2564164249b, max_idle_ns: 440795293190 ns
[    2.291892] platform rtc_cmos: registered platform RTC device (no PNP device found)
[    2.295981] Scanning for low memory corruption every 60 seconds
[    2.299346] audit: initializing netlink subsys (disabled)
[    2.301935] audit: type=2000 audit(1584434638.912:1): initialized
[    2.305551] Initialise system trusted keyring
[    2.308058] HugeTLB registered 2 MB page size, pre-allocated 0 pages
[    2.314795] zbud: loaded
[    2.317133] VFS: Disk quotas dquot_6.6.0
[    2.319337] VFS: Dquot-cache hash table entries: 512 (order 0, 4096 bytes)
[    2.323030] squashfs: version 4.0 (2009/01/31) Phillip Lougher
[    2.326388] fuse init (API version 7.23)
[    2.328735] Key type big_key registered
[    2.330855] Allocating IMA MOK and blacklist keyrings.
[    2.335744] Key type asymmetric registered
[    2.337841] Asymmetric key parser 'x509' registered
[    2.340344] Block layer SCSI generic (bsg) driver version 0.4 loaded (major 249)
[    2.344344] io scheduler noop registered
[    2.346360] io scheduler deadline registered (default)
[    2.349104] io scheduler cfq registered
[    2.351491] pci_hotplug: PCI Hot Plug PCI Core version: 0.5
[    2.354132] pciehp: PCI Express Hot Plug Controller Driver version: 0.4
[    2.357365] ACPI: AC Adapter [AC] (off-line)
[    2.359636] input: Power Button as /devices/LNXSYSTM:00/LNXPWRBN:00/input/input0
[    2.363478] ACPI: Power Button [PWRF]
[    2.365769] input: Sleep Button as /devices/LNXSYSTM:00/LNXSLPBN:00/input/input1
[    2.369610] ACPI: Sleep Button [SLPF]
[    2.373392] GHES: HEST is not enabled!
[    2.373925] ACPI: Battery Slot [BAT0] (battery present)
[    2.378377] Serial: 8250/16550 driver, 32 ports, IRQ sharing enabled
[    2.402834] 00:02: ttyS0 at I/O 0x3f8 (irq = 4, base_baud = 115200) is a 16550A
[    2.409708] Linux agpgart interface v0.103
[    2.414509] loop: module loaded
[    2.417647] scsi host0: ata_piix
[    2.419753] scsi host1: ata_piix
[    2.421684] ata1: PATA max UDMA/33 cmd 0x1f0 ctl 0x3f6 bmdma 0xd000 irq 14
[    2.424796] ata2: PATA max UDMA/33 cmd 0x170 ctl 0x376 bmdma 0xd008 irq 15
[    2.428470] libphy: Fixed MDIO Bus: probed
[    2.430776] tun: Universal TUN/TAP device driver, 1.6
[    2.433209] tun: (C) 1999-2004 Max Krasnyansky <maxk@qualcomm.com>
[    2.436123] PPP generic driver version 2.4.2
[    2.438400] ehci_hcd: USB 2.0 'Enhanced' Host Controller (EHCI) Driver
[    2.441344] ehci-pci: EHCI PCI platform driver
[    2.443619] ehci-platform: EHCI generic platform driver
[    2.446092] ohci_hcd: USB 1.1 'Open' Host Controller (OHCI) Driver
[    2.449007] ohci-pci: OHCI PCI platform driver
[    2.451304] ohci-platform: OHCI generic platform driver
[    2.453784] uhci_hcd: USB Universal Host Controller Interface driver
[    2.456802] i8042: PNP: PS/2 Controller [PNP0303:PS2K,PNP0f03:PS2M] at 0x60,0x64 irq 1,12
[    2.461997] serio: i8042 KBD port at 0x60,0x64 irq 1
[    2.464389] serio: i8042 AUX port at 0x60,0x64 irq 12
[    2.467126] mousedev: PS/2 mouse device common for all mice
[    2.470786] input: AT Translated Set 2 keyboard as /devices/platform/i8042/serio0/input/input2
[    2.475286] rtc_cmos rtc_cmos: rtc core: registered rtc_cmos as rtc0
[    2.478563] rtc_cmos rtc_cmos: alarms up to one day, 114 bytes nvram
[    2.481808] i2c /dev entries driver
[    2.483900] device-mapper: uevent: version 1.0.3
[    2.486600] device-mapper: ioctl: 4.34.0-ioctl (2015-10-28) initialised: dm-devel@redhat.com
[    2.490806] ledtrig-cpu: registered to indicate activity on CPUs
[    2.494762] NET: Registered protocol family 10
[    2.497512] NET: Registered protocol family 17
[    2.499892] Key type dns_resolver registered
[    2.503226] registered taskstats version 1
[    2.505397] Loading compiled-in X.509 certificates
[    2.509029] Loaded X.509 cert 'Build time autogenerated kernel key: 4e6a82653c7e3a258f066f23f1954299de63b157'
[    2.514063] zswap: loaded using pool lzo/zbud
[    2.519918] Key type trusted registered
[    2.528314] Key type encrypted registered
[    2.531400] AppArmor: AppArmor sha1 policy hashing enabled
[    2.534769] ima: No TPM chip found, activating TPM-bypass!
[    2.538090] ima: Allocated hash algorithm: sha1
[    2.540487] evm: HMAC attrs: 0x1
[    2.542951]   Magic number: 12:788:725
[    2.545055] block loop5: hash matches
[    2.547699] rtc_cmos rtc_cmos: setting system clock to 2020-03-17 08:43:53 UTC (1584434633)
[    2.552211] BIOS EDD facility v0.16 2004-Jun-25, 0 devices found
[    2.555064] EDD information not available.
[    2.614307] Freeing unused kernel memory: 1488K
[    2.616599] Write protecting the kernel read-only data: 14336k
[    2.620586] Freeing unused kernel memory: 1604K
[    2.623347] Freeing unused kernel memory: 64K
Loading, please wait...
starting version 229
[    2.648642] random: systemd-udevd: uninitialized urandom read (16 bytes read, 5 bits of entropy available)
[    2.649761] random: udevadm: uninitialized urandom read (16 bytes read, 5 bits of entropy available)
[    2.649807] random: udevadm: uninitialized urandom read (16 bytes read, 5 bits of entropy available)
[    2.667773] random: systemd-udevd: uninitialized urandom read (16 bytes read, 5 bits of entropy available)
[    2.673652] random: systemd-udevd: uninitialized urandom read (16 bytes read, 5 bits of entropy available)
[    2.675703] random: udevadm: uninitialized urandom read (16 bytes read, 5 bits of entropy available)
[    2.675792] random: udevadm: uninitialized urandom read (16 bytes read, 5 bits of entropy available)
[    2.676114] random: udevadm: uninitialized urandom read (16 bytes read, 5 bits of entropy available)
[    2.676229] random: udevadm: uninitialized urandom read (16 bytes read, 5 bits of entropy available)
[    2.676344] random: udevadm: uninitialized urandom read (16 bytes read, 5 bits of entropy available)
[    2.784103] e1000: Intel(R) PRO/1000 Network Driver - version 7.3.21-k8-NAPI
[    2.788395] e1000: Copyright (c) 1999-2006 Intel Corporation.
[    2.797673] Fusion MPT base driver 3.04.20
[    2.800467] Copyright (c) 1999-2008 LSI Corporation
[    2.814716] Fusion MPT SPI Host driver 3.04.20
[    2.857254] AVX2 version of gcm_enc/dec engaged.
[    2.860367] AES CTR mode by8 optimization enabled
[    3.012541] input: ImExPS/2 Generic Explorer Mouse as /devices/platform/i8042/serio1/input/input4
[    3.305510] e1000 0000:00:03.0 eth0: (PCI:33MHz:32-bit) 02:0e:0c:9a:00:f0
[    3.308550] e1000 0000:00:03.0 eth0: Intel(R) PRO/1000 Network Connection
[    3.313858] mptbase: ioc0: Initiating bringup
[    3.315006] e1000 0000:00:03.0 enp0s3: renamed from eth0
[    3.383896] ioc0: LSI53C1030 A0: Capabilities={Initiator}
[    3.562890] scsi host2: ioc0: LSI53C1030 A0, FwRev=00000000h, Ports=1, MaxQ=256, IRQ=20
[    3.687666] scsi 2:0:0:0: Direct-Access     VBOX     HARDDISK         1.0  PQ: 0 ANSI: 5
[    3.702367] scsi target2:0:0: Beginning Domain Validation
[    3.710070] scsi target2:0:0: Domain Validation skipping write tests
[    3.712880] scsi target2:0:0: Ending Domain Validation
[    3.749837] scsi target2:0:0: asynchronous
[    3.753214] scsi 2:0:1:0: Direct-Access     VBOX     HARDDISK         1.0  PQ: 0 ANSI: 5
[    3.757423] scsi target2:0:1: Beginning Domain Validation
[    3.762714] scsi target2:0:1: Domain Validation skipping write tests
[    3.765547] scsi target2:0:1: Ending Domain Validation
[    3.768191] scsi target2:0:1: asynchronous
[    3.778017] sd 2:0:0:0: [sda] 20971520 512-byte logical blocks: (10.7 GB/10.0 GiB)
[    3.782108] sd 2:0:0:0: Attached scsi generic sg0 type 0
[    3.785613] sd 2:0:0:0: [sda] Write Protect is off
[    3.785844] sd 2:0:1:0: [sdb] 20480 512-byte logical blocks: (10.5 MB/10.0 MiB)
[    3.786115] sd 2:0:1:0: [sdb] Write Protect is off
[    3.786313] sd 2:0:1:0: [sdb] Incomplete mode parameter data
[    3.786317] sd 2:0:1:0: [sdb] Assuming drive cache: write through
[    3.790328] sd 2:0:1:0: [sdb] Attached SCSI disk
[    3.793429] sd 2:0:1:0: Attached scsi generic sg1 type 0
[    3.807073] sd 2:0:0:0: [sda] Incomplete mode parameter data
[    3.809703] sd 2:0:0:0: [sda] Assuming drive cache: write through
[    3.814891]  sda: sda1
[    3.817864] sd 2:0:0:0: [sda] Attached SCSI disk
Begin: Loading essential drivers ... [    6.059813] md: linear personality registered for level -1
[    6.067139] md: multipath personality registered for level -4
[    6.074658] md: raid0 personality registered for level 0
[    6.084244] md: raid1 personality registered for level 1
[    6.161414] raid6: sse2x1   gen()  2130 MB/s
[    6.229685] raid6: sse2x1   xor()  1283 MB/s
[    6.298035] raid6: sse2x2   gen()  3350 MB/s
[    6.365387] raid6: sse2x2   xor()  2458 MB/s
[    6.433730] raid6: sse2x4   gen()  5705 MB/s
[    6.502069] raid6: sse2x4   xor()  3348 MB/s
[    6.569436] raid6: avx2x1   gen()  4504 MB/s
[    6.637778] raid6: avx2x2   gen()  8410 MB/s
[    6.705305] raid6: avx2x4   gen() 10946 MB/s
[    6.707451] raid6: using algorithm avx2x4 gen() 10946 MB/s
[    6.710039] raid6: using avx2x2 recovery algorithm
[    6.714639] xor: automatically using best checksumming function:
[    6.753507]    avx       : 12804.000 MB/sec
[    6.758001] async_tx: api initialized (async)
[    6.779330] md: raid6 personality registered for level 6
[    6.782079] md: raid5 personality registered for level 5
[    6.785195] md: raid4 personality registered for level 4
[    6.806229] md: raid10 personality registered for level 10
done.
Begin: Running /scripts/init-premount ... done.
Begin: Mounting root file system ... Begin: Running /scripts/local-top ... done.
Begin: Running /scripts/local-premount ... [    6.879524] Btrfs loaded
Scanning for Btrfs filesystems
done.
Warning: fsck not present, so skipping root file system
[    6.924374] EXT4-fs (sda1): mounted filesystem with ordered data mode. Opts: (null)
done.
Begin: Running /scripts/local-bottom ... done.
Begin: Running /scripts/init-bottom ... done.
[    7.078210] systemd[1]: systemd 229 running in system mode. (+PAM +AUDIT +SELINUX +IMA +APPARMOR +SMACK +SYSVINIT +UTMP +LIBCRYPTSETUP +GCRYPT +GNUTLS +ACL +XZ -LZ4 +SECCOMP +BLKID +ELFUTILS +KMOD -IDN)
[    7.086428] systemd[1]: Detected virtualization oracle.
[    7.088936] systemd[1]: Detected architecture x86-64.

Welcome to [1mUbuntu 16.04.6 LTS[0m!

[    7.095997] systemd[1]: Set hostname to <ubuntu>.
[    7.103074] systemd[1]: Initializing machine ID from random generator.
[    7.106215] systemd[1]: Installed transient /etc/machine-id file.
[    7.303533] systemd[1]: Reached target User and Group Name Lookups.
[[0;32m  OK  [0m] Reached target User and Group Name Lookups.
[    7.308859] systemd[1]: Created slice User and Session Slice.
[[0;32m  OK  [0m] Created slice User and Session Slice.
[    7.313591] systemd[1]: Listening on LVM2 metadata daemon socket.
[[0;32m  OK  [0m] Listening on LVM2 metadata daemon socket.
[    7.318583] systemd[1]: Started Forward Password Requests to Wall Directory Watch.
[[0;32m  OK  [0m] Started Forward Password Requests to Wall Directory Watch.
[    7.326081] systemd[1]: Listening on Syslog Socket.
[[0;32m  OK  [0m] Listening on Syslog Socket.
[    7.331502] systemd[1]: Listening on Journal Audit Socket.
[[0;32m  OK  [0m] Listening on Journal Audit Socket.
[    7.337236] systemd[1]: Started Trigger resolvconf update for networkd DNS.
[[0;32m  OK  [0m] Started Trigger resolvconf update for networkd DNS.
[    7.344308] systemd[1]: Listening on /dev/initctl Compatibility Named Pipe.
[[0;32m  OK  [0m] Listening on /dev/initctl Compatibility Named Pipe.
[    7.351285] systemd[1]: Listening on udev Kernel Socket.
[[0;32m  OK  [0m] Listening on udev Kernel Socket.
[    7.357085] systemd[1]: Reached target Encrypted Volumes.
[[0;32m  OK  [0m] Reached target Encrypted Volumes.
[    7.362921] systemd[1]: Set up automount Arbitrary Executable File Formats File System Automount Point.
[[0;32m  OK  [0m] Set up automount Arbitrary Executab...ats File System Automount Point.
[    7.372145] systemd[1]: Listening on Journal Socket.
[[0;32m  OK  [0m] Listening on Journal Socket.
[    7.377445] systemd[1]: Listening on Device-mapper event daemon FIFOs.
[[0;32m  OK  [0m] Listening on Device-mapper event daemon FIFOs.
[    7.384807] systemd[1]: Created slice System Slice.
[[0;32m  OK  [0m] Created slice System Slice.
[    7.401540] systemd[1]: Mounting POSIX Message Queue File System...
         Mounting POSIX Message Queue File System...
[    7.408626] systemd[1]: Created slice system-serial\x2dgetty.slice.
[[0;32m  OK  [0m] Created slice system-serial\x2dgetty.slice.
[    7.419609] systemd[1]: Mounting Debug File System...
         Mounting Debug File System...
[    7.425466] systemd[1]: Starting Nameserver information manager...
         Starting Nameserver information manager...
[    7.434969] systemd[1]: Starting Load Kernel Modules...
         Starting Load Kernel Modules...
[    7.447063] systemd[1]: Starting Create list of required static device nodes for the current kernel...
[    7.453405] Loading iSCSI transport class v2.0-870.
         Starting Create list of required st... nodes for the current kernel...
[    7.459367] systemd[1]: Reached target Slices.
[[0;32m  OK  [0m] Reached target Slices.
[    7.465851] systemd[1]: Starting Monitoring of LVM2 mirrors, snapshots etc. using dmeventd or progress polling...
         Starting Monitoring of LVM2 mirrors... dmeventd or progress polling...[    7.477142] iscsi: registered transport (tcp)

[    7.480103] systemd[1]: Starting Set console keymap...
         Starting Set console keymap...
[    7.486618] systemd[1]: Starting Uncomplicated firewall...
         Starting Uncomplicated firewall...
[    7.493689] systemd[1]: Starting Remount Root and Kernel File Systems...
         Starting Remount Root and Kernel File Systems...
[    7.510769] systemd[1]: Listening on udev Control Socket.
[[0;32m  OK  [0m] Listening on udev Control Socket.
[    7.516515] systemd[1]: Listening on Journal Socket (/dev/log).
[[0;32m  OK  [0m] Listening on Journal Socket (/dev/log).

    7.524367] EXT4-fs (sda1): re-mounted. Opts: (null)
[    7.538275] systemd[1]: Starting Journal Service...
         Starting Journal Service...
[    7.543172] systemd[1]: Reached target System Time Synchronized.
[[0;32m  OK  [0m] Reached target System Time Synchronized.
[    7.563973] systemd[1]: Reached target Swap.
[[0;32m  OK  [0m] Reached target Swap.
[    7.568884] systemd[1]: Listening on LVM2 poll daemon socket.
[[0;32m  OK  [0m] Listening on LVM2 poll daemon socket.
[    7.582786] systemd[1]: Mounting Huge Pages File System...
         Mounting Huge Pages File System...
[    7.610843] systemd[1]: Mounted Debug File System.
[[0;32m  OK  [0m] Mounted Debug File System.
[    7.616576] systemd[1]: Mounted Huge Pages File System.
[[0;32m  OK  [0m] Mounted Huge Pages File System.
[    7.626735] systemd[1]: Mounted POSIX Message Queue File System.
[[0;32m  OK  [0m] Mounted POSIX Message Queue File System.
[    7.632768] systemd[1]: Started Journal Service.
[    7.633714] iscsi: registered transport (iser)
[[0;32m  OK  [0m] Started Journal Service.
[    7.654272] random: nonblocking pool is initialized
[[0;32m  OK  [0m] Started Load Kernel Modules.
[[0;32m  OK  [0m] Started Create list of required sta...ce nodes for the current kernel.
[[0;32m  OK  [0m] Started Uncomplicated firewall.
[[0;32m  OK  [0m] Started Remount Root and Kernel File Systems.
[[0;32m  OK  [0m] Started Nameserver information manager.
[[0;32m  OK  [0m] Started LVM2 metadata daemon.
         Starting Load/Save Random Seed...
         Starting udev Coldplug all Devices...
         Starting Create Static Device Nodes in /dev...
         Starting Apply Kernel Variables...
         Mounting FUSE Control File System...
         Starting Flush Journal to Persistent Storage...
[[0;32m  OK  [0m] Started Load/Save Random Seed.
[[0;32m  OK  [0m] Started Apply Kernel Variables.
[[0;32m  OK  [0m] Mounted FUSE Control File System.
[[0;32m  OK  [0m] Started Flush Journal to Persistent Storage.
[[0;32m  OK  [0m] Started Create Static Device Nodes in /dev.
         Starting udev Kernel Device Manager...
[[0;32m  OK  [0m] Started Monitoring of LVM2 mirrors,...ng dmeventd or progress polling.
[[0;32m  OK  [0m] Started udev Kernel Device Manager.
[[0;32m  OK  [0m] Started udev Coldplug all Devices.
[[0;32m  OK  [0m] Started Set console keymap.
[[0;32m  OK  [0m] Reached target Local File Systems (Pre).
[[0;32m  OK  [0m] Reached target Local File Systems.
         Starting Set console font and keymap...
         Starting LSB: AppArmor initialization...
         Starting Create Volatile Files and Directories...
         Starting Tell Plymouth To Write Out Runtime Data...
         Starting Initial cloud-init job (pre-networking)...
         Starting Commit a transient machine-id on disk...
[[0;32m  OK  [0m] Started Dispatch Password Requests to Console Directory Watch.
[[0;32m  OK  [0m] Started Create Volatile Files and Directories.
         Starting Update UTMP about System Boot/Shutdown...
[[0;32m  OK  [0m] Started Tell Plymouth To Write Out Runtime Data.
[[0;32m  OK  [0m] Started Commit a transient machine-id on disk.
[[0;32m  OK  [0m] Started Update UTMP about System Boot/Shutdown.
[[0;32m  OK  [0m] Found device /dev/ttyS0.
[[0;32m  OK  [0m] Listening on Load/Save RF Kill Switch Status /dev/rfkill Watch.
[   11.405654] [[0;32m  OK  [0m] Started Initial cloud-init job (pre-networking).
[[0;32m  OK  [0m] Reached target Network (Pre).
cloud-init[503]: Cloud-init v. 19.4-33-gbb4131a2-0ubuntu1~16.04.1 running 'init-local' at Tue, 17 Mar 2020 08:44:01 +0000. Up 10.27 seconds.
[[0;32m  OK  [0m] Started Set console font and keymap.
[[0;32m  OK  [0m] Created slice system-getty.slice.
[[0;32m  OK  [0m] Started LSB: AppArmor initialization.
         Starting Raise network interfaces...
[[0;32m  OK  [0m] Started Raise network interfaces.
[[0;32m  OK  [0m] Reached target Network.
         Starting Initial cloud-init job (metadata service crawler)...
[   15.859541] cloud-init[964]: Cloud-init v. 19.4-33-gbb4131a2-0ubuntu1~16.04.1 running 'init' at Tue, 17 Mar 2020 08:44:06 +0000. Up 14.86 seconds.
[   15.863402] cloud-init[964]: ci-info: ++++++++++++++++++++++++++++++++++++Net device info++++++++++++++++++++++++++++++++++++
[   15.868796] cloud-init[964]: ci-info: +--------+------+------------------------+---------------+--------+-------------------+
[   15.872638] cloud-init[964]: ci-info: | Device |  Up  |        Address         |      Mask     | Scope  |     Hw-Address    |
[   15.880540] cloud-init[964]: ci-info: +--------+------+------------------------+---------------+--------+-------------------+
[   15.884380] cloud-init[964]: ci-info: | enp0s3 | True |       10.0.2.15        | 255.255.255.0 | global | 02:0e:0c:9a:00:f0 |
[   15.889793] cloud-init[964]: ci-info: | enp0s3 | True | fe80::e:cff:fe9a:f0/64 |       .       |  link  | 02:0e:0c:9a:00:f0 |
[   15.898756] cloud-init[964]: ci-info: |   lo   | True |       127.0.0.1        |   255.0.0.0   |  host  |         .         |
[   15.909092] cloud-init[964]: ci-info: |   lo   | True |        ::1/128         |       .       |  host  |         .         |
[   15.916882] cloud-init[964]: ci-info: +--------+------+------------------------+---------------+--------+-------------------+
[   15.924676] cloud-init[964]: ci-info: +++++++++++++++++++++++++++Route IPv4 info++++++++++++++++++++++++++++
[   15.933611] cloud-init[964]: ci-info: +-------+-------------+----------+---------------+-----------+-------+
[   15.936543] cloud-init[964]: ci-info: | Route | Destination | Gateway  |    Genmask    | Interface | Flags |
[   15.939347] cloud-init[964]: ci-info: +-------+-------------+----------+---------------+-----------+-------+
[   15.942393] cloud-init[964]: ci-info: |   0   |   0.0.0.0   | 10.0.2.2 |    0.0.0.0    |   enp0s3  |   UG  |
[   15.953035] cloud-init[964]: ci-info: |   1   |   10.0.2.0  | 0.0.0.0  | 255.255.255.0 |   enp0s3  |   U   |
[   15.960820] cloud-init[964]: ci-info: +-------+-------------+----------+---------------+-----------+-------+
[   15.968533] cloud-init[964]: ci-info: +++++++++++++++++++Route IPv6 info+++++++++++++++++++
[   15.969257] cloud-init[964]: ci-info: +-------+-------------+---------+-----------+-------+
[   15.970232] cloud-init[964]: ci-info: | Route | Destination | Gateway | Interface | Flags |
[   15.971234] cloud-init[964]: ci-info: +-------+-------------+---------+-----------+-------+
[   15.972278] cloud-init[964]: ci-info: |   0   |  fe80::/64  |    ::   |   enp0s3  |   U   |
[   15.973242] cloud-init[964]: ci-info: |   3   |   ff00::/8  |    ::   |   enp0s3  |   U   |
[   15.974234] cloud-init[964]: ci-info: +-------+-------------+---------+-----------+-------+
[   15.975237] cloud-init[964]: Generating public/private rsa key pair.
[   15.976290] cloud-init[964]: Your identification has been saved in /etc/ssh/ssh_host_rsa_key.
[   15.977241] cloud-init[964]: Your public key has been saved in /etc/ssh/ssh_host_rsa_key.pub.
[   15.978256] cloud-init[964]: The key fingerprint is:
[   15.979275] cloud-init[964]: SHA256:Iof0U9GnoYfC8kT0X0veo5QWMvF9kZFHglcwXn8WV48 root@ubuntu-xenial
[   15.980078] cloud-init[964]: The key's randomart image is:
[   15.981140] cloud-init[964]: +---[RSA 2048]----+
[   15.982160] cloud-init[964]: |     .. ...  .+B@|
[   15.983153] cloud-init[964]: |      .. .oooo.BB|
[   15.984226] cloud-init[964]: |    .o  ooo+=.E B|
[   15.985177] cloud-init[964]: |   ..o+.o.o* = o.|
[   15.986161] cloud-init[964]: |    o+=.S.. * o  |
[   15.987134] cloud-init[964]: |     o.o   o . . |
[   15.987434] cloud-init[964]: |            .    |
[   15.988008] cloud-init[964]: |                 |
[   15.988764] cloud-init[964]: |                 |
[   15.989522] cloud-init[964]: +----[SHA256]-----+
[   15.990610] cloud-init[964]: Generating public/private dsa key pair.
[   15.991095] cloud-init[964]: Your identification has been saved in /etc/ssh/ssh_host_dsa_key.
[   15.992174] cloud-init[964]: Your public key has been saved in /etc/ssh/ssh_host_dsa_key.pub.
[   15.992860] cloud-init[964]: The key fingerprint is:
[   15.993610] cloud-init[964]: SHA256:bz4oK7nATlyVBdTsKIYQaC1iA4060q7zvdhyXKe1P6k root@ubuntu-xenial
[   15.994324] cloud-init[964]: The key's randomart image is:
[   15.995423] cloud-init[964]: +---[DSA 1024]----+
[   15.996226] cloud-init[964]: |=+.  .o+.        |
[   15.996886] cloud-init[964]: |==..   oo        |
[   15.997619] cloud-init[964]: |=oo.  oo         |
[   15.998366] cloud-init[964]: |+ o o.. .        |
[   15.999087] cloud-init[964]: |.o ...  S        |
[   15.999825] cloud-init[964]: | o..  . o.       |
[   16.000911] cloud-init[964]: | .=. o + oo.     |
[   16.001655] cloud-init[964]: |oo.== o oo+      |
[   16.002417] cloud-init[964]: | o+o=+.oEooo     |
[   16.003124] cloud-init[964]: +----[SHA256]-----+
[   16.003880] cloud-init[964]: Generating public/private ecdsa key pair.
[   16.005076] cloud-init[964]: Your identification has been saved in /etc/ssh/ssh_host_ecdsa_key.
[   16.005863] cloud-init[964]: Your public key has been saved in /etc/ssh/ssh_host_ecdsa_key.pub.
[   16.006908] cloud-init[964]: The key fingerprint is:
[   16.007664] cloud-init[964]: SHA256:oD/wKeAtpbeJ6k8GFb6fadoY18BhIMmhbgF3w2OEI3g root@ubuntu-xenial
[   16.008769] cloud-init[964]: The key's randomart image is:
[   16.009506] cloud-init[964]: +---[ECDSA 256]---+
[   16.010259] cloud-init[964]: |+o+*+            |
[   16.011000] cloud-init[964]: |=+E.*.           |
[   16.011736] cloud-init[964]: |.+ = +.          |
[   16.012821] cloud-init[964]: |. o +...         |
[   16.013614] cloud-init[964]: | +..+o  S        |
[   16.013939] cloud-init[964]: |...=.+=.         |
[   16.014641] cloud-init[964]: |  +++*=.         |
[   16.015379] cloud-init[964]: |  o+B+ .         |
[   16.016211] cloud-init[964]: |ooo+o.           |
[   16.016886] cloud-init[964]: +----[SHA256]-----+
[   16.017600] cloud-init[964]: Generating public/private ed25519 key pair.
[   16.018348] cloud-init[964]: Your identification has been saved in /etc/ssh/ssh_host_ed25519_key.
[   16.019423] cloud-init[964]: Your public key has been saved in /etc/ssh/ssh_host_ed25519_key.pub.
[   16.020540] cloud-init[964]: The key fingerprint is:
[   16.021260] cloud-init[964]: SHA256:9PwEtosyb8OkeCgUhxLp1Xuor6kMvD62+xrrL5HmDTg root@ubuntu-xenial
[   16.022356] cloud-init[964]: The key's randomart image is:
[   16.023105] cloud-init[964]: +--[ED25519 256]--+
[   16.023865] cloud-init[964]: | .  .            |
[   16.024959] cloud-init[964]: |o  . .           |
[   16.025718] cloud-init[964]: |....  o . o      |
[   16.026428] cloud-init[964]: |..o .o o + o     |
[   16.027185] cloud-init[964]: |...o. . S + .    |
[   16.027925] cloud-init[964]: |E=..    .. +     |
[   16.029014] cloud-init[964]: |+=+ .oo+. . .    |
[   16.029771] cloud-init[964]: |o==.+.o++        |
[   16.030886] cloud-init[964]: |+@X*.. ...       |
[   16.031632] cloud-init[964]: +----[SHA256]-----+
[[0;32m  OK  [0m] Started Initial cloud-init job (metadata service crawler).
[[0;32m  OK  [0m] Reached target Network is Online.
         Starting iSCSI initiator daemon (iscsid)...
[[0;32m  OK  [0m] Reached target System Initialization.
[[0;32m  OK  [0m] Started Daily apt download activities.
[[0;32m  OK  [0m] Listening on ACPID Listen Socket.
[[0;32m  OK  [0m] Started ACPI Events Check.
[[0;32m  OK  [0m] Reached target Paths.
[[0;32m  OK  [0m] Started Message of the Day.
[[0;32m  OK  [0m] Listening on UUID daemon activation socket.
[[0;32m  OK  [0m] Started Daily Cleanup of Temporary Directories.
         Starting LXD - unix socket.
[[0;32m  OK  [0m] Listening on D-Bus System Message Bus Socket.
         Starting Socket activation for snappy daemon.
[[0;32m  OK  [0m] Started Daily apt upgrade and clean activities.
[[0;32m  OK  [0m] Reached target Timers.
[[0;32m  OK  [0m] Reached target Cloud-config availability.
[[0;32m  OK  [0m] Listening on LXD - unix socket.
[[0;32m  OK  [0m] Listening on Socket activation for snappy daemon.
[[0;32m  OK  [0m] Reached target Sockets.
[[0;32m  OK  [0m] Reached target Basic System.
[[0;32m  OK  [0m] Started Deferred execution scheduler.
         Starting Accounts Service...
         Starting Pollinate to seed the pseudo random number generator...
         Starting LSB: MD monitoring daemon...
[[0;32m  OK  [0m] Started D-Bus System Message Bus.
         Starting /etc/rc.local Compatibility...
[[0;32m  OK  [0m] Started Regular background program processing daemon.
         Starting LSB: Record successful boot for GRUB...
[[0;32m  OK  [0m] Started FUSE filesystem for LXC.
         Starting Virtualbox guest utils...
[[0;32m  OK  [0m] Started ACPI event daemon.
         Starting Snappy daemon...
         Starting System Logging Service...
         Starting Login Service...
         Starting LXD - container startup/shutdown...
[[0;32m  OK  [0m] Started iSCSI initiator daemon (iscsid).
[[0;32m  OK  [0m] Started /etc/rc.local Compatibility.
         Starting Authenticate and Authorize Users to Run Privileged Tasks...
         Starting Login to default iSCSI targets...
[[0;32m  OK  [0m] Started LSB: MD monitoring daemon.
[[0;32m  OK  [0m] Started System Logging Service.
[[0;32m  OK  [0m] Started Login Service.
[[0;32m  OK  [0m] Started Unattended Upgrades Shutdown.
[[0;32m  OK  [0m] Started Login to default iSCSI targets.
[[0;32m  OK  [0m] Reached target Remote File Systems (Pre).
[[0;32m  OK  [0m] Reached target Remote File Systems.
         Starting LSB: daemon to balance interrupts for SMP systems...
         Starting LSB: Set the CPU Frequency Scaling governor to "ondemand"...
         Starting LSB: automatic crash report generation...
         Starting Permit User Sessions...
[[0;32m  OK  [0m] Started Permit User Sessions.
[[0;32m  OK  [0m] Started LSB: Record successful boot for GRUB.
         Starting Hold until boot process finishes up...
         Starting Terminate Plymouth Boot Screen...
[[0;32m  OK  [0m] Started Hold until boot process finishes up.
         Starting Set console scheme...
[[0;32m  OK  [0m] Started Serial Getty on ttyS0.
[[0;32m  OK  [0m] Started Getty on tty1.
[[0;32m  OK  [0m] Reached target Login Prompts.
[[0;32m  OK  [0m] Started Set console scheme.
[[0;32m  OK  [0m] Started Authenticate and Authorize Users to Run Privileged Tasks.
[[0;32m  OK  [0m] Started Accounts Service.
[[0;32m  OK  [0m] Started LSB: Set the CPU Frequency Scaling governor to "ondemand".
[[0;32m  OK  [0m] Started Terminate Plymouth Boot Screen.
[[0;32m  OK  [0m] Started LSB: automatic crash report generation.
[[0;32m  OK  [0m] Started LXD - container startup/shutdown.
[[0;32m  OK  [0m] Started LSB: daemon to balance interrupts for SMP systems.
[[0;32m  OK  [0m] Started Virtualbox guest utils.
[[0;32m  OK  [0m] Started Snappy daemon.
         Starting Wait until snapd is fully seeded...
[[0;32m  OK  [0m] Started Pollinate to seed the pseudo random number generator.
         Starting OpenBSD Secure Shell server...
[[0;32m  OK  [0m] Started OpenBSD Secure Shell server.
[[0;32m  OK  [0m] Created slice User Slice of vagrant.
         Starting User Manager for UID 1000...
[[0;32m  OK  [0m] Started Session 1 of user vagrant.
[[0;32m  OK  [0m] Started User Manager for UID 1000.
[[0;32m  OK  [0m] Started Wait until snapd is fully seeded.
[[0;32m  OK  [0m] Reached target Multi-User System.
[[0;32m  OK  [0m] Reached target Graphical Interface.
         Starting Update UTMP about System Runlevel Changes...
         Starting Apply the settings specified in cloud-config...
[[0;32m  OK  [0m] Started Update UTMP about System Runlevel Changes.
[   20.326320] cloud-init[1369]: Generating locales (this might take a while)...

Ubuntu 16.04.6 LTS ubuntu-xenial ttyS0

ubuntu-xenial login: [   24.867671] cloud-init[1369]:   en_US.UTF-8... done
[   24.869965] cloud-init[1369]: Generation complete.
[   25.609966] cloud-init[1369]: Cloud-init v. 19.4-33-gbb4131a2-0ubuntu1~16.04.1 running 'modules:config' at Tue, 17 Mar 2020 08:44:11 +0000. Up 19.81 seconds.
ci-info: no authorized SSH keys fingerprints found for user ubuntu.
<14>Mar 17 08:44:18 ec2: 
<14>Mar 17 08:44:18 ec2: #############################################################
<14>Mar 17 08:44:18 ec2: -----BEGIN SSH HOST KEY FINGERPRINTS-----
<14>Mar 17 08:44:18 ec2: 1024 SHA256:bz4oK7nATlyVBdTsKIYQaC1iA4060q7zvdhyXKe1P6k root@ubuntu-xenial (DSA)
<14>Mar 17 08:44:18 ec2: 256 SHA256:oD/wKeAtpbeJ6k8GFb6fadoY18BhIMmhbgF3w2OEI3g root@ubuntu-xenial (ECDSA)
<14>Mar 17 08:44:18 ec2: 256 SHA256:9PwEtosyb8OkeCgUhxLp1Xuor6kMvD62+xrrL5HmDTg root@ubuntu-xenial (ED25519)
<14>Mar 17 08:44:18 ec2: 2048 SHA256:Iof0U9GnoYfC8kT0X0veo5QWMvF9kZFHglcwXn8WV48 root@ubuntu-xenial (RSA)
<14>Mar 17 08:44:18 ec2: -----END SSH HOST KEY FINGERPRINTS-----
<14>Mar 17 08:44:18 ec2: #############################################################
-----BEGIN SSH HOST KEY KEYS-----
ecdsa-sha2-nistp256 AAAAE2VjZHNhLXNoYTItbmlzdHAyNTYAAAAIbmlzdHAyNTYAAABBBKcRj7h4WVVhB9sQQ2HKbFNx4YI66XhbgEbO3Oo+9xZ9wM/nWOBJNMuINyrPh9J3j0B4Z7p1Q1AJdPIk5c9Tt+I= root@ubuntu-xenial
ssh-ed25519 AAAAC3NzaC1lZDI1NTE5AAAAICp36ibjGg4cW51K9mA0fXNdpeEXIkeAb9/6s5L2Z+dl root@ubuntu-xenial
ssh-rsa AAAAB3NzaC1yc2EAAAADAQABAAABAQC5BXAHrDOwYQQatjcTzRZL8FeAlJDnkfcVHHV8KCI+pMakkph+lMligYhP3xGFb5rpCp0QOrTVyKuUWmvdvQSWeqJtA5jG09Uqnsts1+csC9KVK0UQvjf12CAOnpE/kwiTnJs31IuwKNodrT/ijdmB3k+VMdaibVyJGdHO9R+SdyIdyAjmn89ylwmes35q1FbeZI972QtuDIoCL9vlr0D/MycyAE9pBVEQZOZeAV0kOv320rclJLtOu4ZqfkkWzAGmGJtdDCaDFZCCGVlgzF2nCMPOblnzQKKgYdva9HrSDG96VrTLLkHgVkQxGzDACYvzKvu0tfQUvJmH0l+Pdwg9 root@ubuntu-xenial
-----END SSH HOST KEY KEYS-----
[   26.916200] cloud-init[1584]: Cloud-init v. 19.4-33-gbb4131a2-0ubuntu1~16.04.1 running 'modules:final' at Tue, 17 Mar 2020 08:44:18 +0000. Up 26.58 seconds.
[   26.921919] cloud-init[1584]: ci-info: no authorized SSH keys fingerprints found for user ubuntu.
[   26.925830] cloud-init[1584]: Cloud-init v. 19.4-33-gbb4131a2-0ubuntu1~16.04.1 finished at Tue, 17 Mar 2020 08:44:18 +0000. Datasource DataSourceNoCloud [seed=/dev/sdb][dsmode=net].  Up 26.88 seconds
